\BOOKMARK [1][-]{section.1}{Description of the project}{}% 1
\BOOKMARK [1][-]{section.2}{Requirements}{}% 2
\BOOKMARK [2][-]{subsection.2.1}{Functional requirements}{section.2}% 3
\BOOKMARK [3][-]{subsubsection.2.1.1}{Directions}{subsection.2.1}% 4
\BOOKMARK [3][-]{subsubsection.2.1.2}{Location}{subsection.2.1}% 5
\BOOKMARK [3][-]{subsubsection.2.1.3}{Scene description}{subsection.2.1}% 6
\BOOKMARK [3][-]{subsubsection.2.1.4}{Text recognition}{subsection.2.1}% 7
\BOOKMARK [2][-]{subsection.2.2}{Nonfunctional requirements}{section.2}% 8
\BOOKMARK [3][-]{subsubsection.2.2.1}{Usability}{subsection.2.2}% 9
\BOOKMARK [3][-]{subsubsection.2.2.2}{Maintainability}{subsection.2.2}% 10
\BOOKMARK [3][-]{subsubsection.2.2.3}{Extensibility}{subsection.2.2}% 11
\BOOKMARK [1][-]{section.3}{Specifications}{}% 12
\BOOKMARK [2][-]{subsection.3.1}{Directions}{section.3}% 13
\BOOKMARK [2][-]{subsection.3.2}{Location}{section.3}% 14
\BOOKMARK [2][-]{subsection.3.3}{Scene description}{section.3}% 15
\BOOKMARK [2][-]{subsection.3.4}{Text recognition}{section.3}% 16
\BOOKMARK [2][-]{subsection.3.5}{Usability}{section.3}% 17
\BOOKMARK [2][-]{subsection.3.6}{Maintainability}{section.3}% 18
\BOOKMARK [2][-]{subsection.3.7}{Usability}{section.3}% 19
\BOOKMARK [1][-]{section.4}{Software Design Methods}{}% 20
\BOOKMARK [2][-]{subsection.4.1}{Theoretical Background}{section.4}% 21
\BOOKMARK [2][-]{subsection.4.2}{Model-View-Presenter}{section.4}% 22
\BOOKMARK [2][-]{subsection.4.3}{Unified Modeling Language}{section.4}% 23
\BOOKMARK [2][-]{subsection.4.4}{Design Patterns}{section.4}% 24
\BOOKMARK [3][-]{subsubsection.4.4.1}{Facade}{subsection.4.4}% 25
\BOOKMARK [3][-]{subsubsection.4.4.2}{Abstract Factory}{subsection.4.4}% 26
\BOOKMARK [3][-]{subsubsection.4.4.3}{Singleton}{subsection.4.4}% 27
\BOOKMARK [2][-]{subsection.4.5}{Concrete application of the SDM}{section.4}% 28
